TN:
SF:src\index.ts
FN:1,(anonymous_0)
FN:7,I18nManager
FN:16,(anonymous_2)
FN:23,(anonymous_3)
FN:30,(anonymous_4)
FN:42,(anonymous_5)
FN:44,(anonymous_6)
FN:47,(anonymous_7)
FN:55,(anonymous_8)
FNF:9
FNH:9
FNDA:1,(anonymous_0)
FNDA:1,I18nManager
FNDA:3,(anonymous_2)
FNDA:2,(anonymous_3)
FNDA:6,(anonymous_4)
FNDA:9,(anonymous_5)
FNDA:18,(anonymous_6)
FNDA:9,(anonymous_7)
FNDA:3,(anonymous_8)
DA:1,1
DA:7,1
DA:9,1
DA:10,1
DA:11,1
DA:13,1
DA:16,1
DA:18,3
DA:20,3
DA:23,1
DA:25,2
DA:27,2
DA:30,1
DA:32,6
DA:34,6
DA:38,0
DA:42,1
DA:44,18
DA:47,1
DA:49,9
DA:50,9
DA:52,9
DA:55,1
DA:57,3
DA:59,1
LF:25
LH:24
BRDA:44,0,0,18
BRDA:44,0,1,0
BRDA:44,1,0,18
BRDA:44,1,1,18
BRDA:52,2,0,6
BRDA:52,2,1,3
BRDA:57,3,0,2
BRDA:57,3,1,1
BRDA:9,4,0,0
BRDA:9,4,1,1
BRDA:9,5,0,1
BRDA:9,5,1,1
BRDA:10,6,0,0
BRDA:10,6,1,1
BRDA:10,7,0,1
BRDA:10,7,1,1
BRF:16
BRH:13
end_of_record
