TN:
SF:src\index.ts
FN:4,(anonymous_1)
FN:10,I18nManager
FN:19,(anonymous_3)
FN:26,(anonymous_4)
FN:33,(anonymous_5)
FN:39,(anonymous_6)
FN:41,(anonymous_7)
FN:44,(anonymous_8)
FN:52,(anonymous_9)
FNF:9
FNH:9
FNDA:1,(anonymous_1)
FNDA:1,I18nManager
FNDA:3,(anonymous_3)
FNDA:1,(anonymous_4)
FNDA:5,(anonymous_5)
FNDA:9,(anonymous_6)
FNDA:18,(anonymous_7)
FNDA:9,(anonymous_8)
FNDA:3,(anonymous_9)
DA:1,1
DA:4,1
DA:10,1
DA:12,1
DA:13,1
DA:14,1
DA:16,1
DA:19,1
DA:21,3
DA:23,3
DA:26,1
DA:28,1
DA:30,1
DA:33,1
DA:35,5
DA:36,5
DA:39,1
DA:41,18
DA:44,1
DA:46,9
DA:47,9
DA:49,9
DA:52,1
DA:54,3
DA:56,1
LF:25
LH:25
BRDA:41,0,0,18
BRDA:41,0,1,0
BRDA:41,1,0,18
BRDA:41,1,1,18
BRDA:49,2,0,6
BRDA:49,2,1,3
BRDA:54,3,0,2
BRDA:54,3,1,1
BRF:8
BRH:7
end_of_record
